<?xml version="1.0" encoding="UTF-8"?>
<testng-results ignored="0" total="1" passed="1" failed="0" skipped="0">
  <reporter-output>
    <line>
      <![CDATA[No of rows are::2]]>
    </line>
    <line>
      <![CDATA[Supplier-00000002839       Supplier-00000002839   Supplier Number Matching]]>
    </line>
    <line>
      <![CDATA[Supplier-00000002840       Supplier-00000002840   Supplier Number Matching]]>
    </line>
  </reporter-output>
  <suite started-at="2024-04-27T19:26:36 IST" name="Default suite" finished-at="2024-04-27T19:27:36 IST" duration-ms="59909">
    <groups>
    </groups>
    <test started-at="2024-04-27T19:26:36 IST" name="Default test" finished-at="2024-04-27T19:27:36 IST" duration-ms="59909">
      <class name="driverFactory.AppTest1">
        <test-method is-config="true" signature="setUp()[pri:0, instance:driverFactory.AppTest1@4218d6a3]" started-at="2024-04-27T19:26:36 IST" name="setUp" finished-at="2024-04-27T19:26:54 IST" duration-ms="18120" status="PASS">
          <reporter-output>
          </reporter-output>
        </test-method> <!-- setUp -->
        <test-method signature="startTest()[pri:0, instance:driverFactory.AppTest1@4218d6a3]" started-at="2024-04-27T19:26:54 IST" name="startTest" finished-at="2024-04-27T19:27:32 IST" duration-ms="38516" status="PASS">
          <reporter-output>
            <line>
              <![CDATA[No of rows are::2]]>
            </line>
            <line>
              <![CDATA[Supplier-00000002839       Supplier-00000002839   Supplier Number Matching]]>
            </line>
            <line>
              <![CDATA[Supplier-00000002840       Supplier-00000002840   Supplier Number Matching]]>
            </line>
          </reporter-output>
        </test-method> <!-- startTest -->
        <test-method is-config="true" signature="tearDown()[pri:0, instance:driverFactory.AppTest1@4218d6a3]" started-at="2024-04-27T19:27:32 IST" name="tearDown" finished-at="2024-04-27T19:27:36 IST" duration-ms="3113" status="PASS">
          <reporter-output>
          </reporter-output>
        </test-method> <!-- tearDown -->
      </class> <!-- driverFactory.AppTest1 -->
    </test> <!-- Default test -->
  </suite> <!-- Default suite -->
</testng-results>
